<?xml version="1.0" encoding="UTF-8"?>
<testng-results ignored="0" total="2" passed="2" failed="0" skipped="0">
  <reporter-output>
  </reporter-output>
  <suite started-at="2025-04-04T13:39:03 IST" name="Suite" finished-at="2025-04-04T13:39:50 IST" duration-ms="46640">
    <groups>
    </groups>
    <test started-at="2025-04-04T13:39:03 IST" name="Test" finished-at="2025-04-04T13:39:50 IST" duration-ms="46640">
      <class name="test.testClass">
        <test-method is-config="true" signature="launchDriver()[pri:0, instance:test.testClass@7e0b85f9]" started-at="2025-04-04T13:39:03 IST" name="launchDriver" finished-at="2025-04-04T13:39:12 IST" duration-ms="9178" status="PASS">
          <reporter-output>
          </reporter-output>
        </test-method> <!-- launchDriver -->
        <test-method signature="Test1()[pri:0, instance:test.testClass@7e0b85f9]" started-at="2025-04-04T13:39:12 IST" name="Test1" finished-at="2025-04-04T13:39:23 IST" duration-ms="10925" status="PASS">
          <reporter-output>
          </reporter-output>
        </test-method> <!-- Test1 -->
        <test-method is-config="true" signature="quit()[pri:0, instance:test.testClass@7e0b85f9]" started-at="2025-04-04T13:39:23 IST" name="quit" finished-at="2025-04-04T13:39:24 IST" duration-ms="1054" status="PASS">
          <reporter-output>
          </reporter-output>
        </test-method> <!-- quit -->
        <test-method is-config="true" signature="launchDriver()[pri:0, instance:test.testClass@7e0b85f9]" started-at="2025-04-04T13:39:24 IST" name="launchDriver" finished-at="2025-04-04T13:39:32 IST" duration-ms="7141" status="PASS">
          <reporter-output>
          </reporter-output>
        </test-method> <!-- launchDriver -->
        <test-method signature="Test2()[pri:0, instance:test.testClass@7e0b85f9]" started-at="2025-04-04T13:39:32 IST" name="Test2" finished-at="2025-04-04T13:39:50 IST" duration-ms="17937" status="PASS">
          <reporter-output>
          </reporter-output>
        </test-method> <!-- Test2 -->
        <test-method is-config="true" signature="quit()[pri:0, instance:test.testClass@7e0b85f9]" started-at="2025-04-04T13:39:50 IST" name="quit" finished-at="2025-04-04T13:39:50 IST" duration-ms="317" status="PASS">
          <reporter-output>
          </reporter-output>
        </test-method> <!-- quit -->
      </class> <!-- test.testClass -->
    </test> <!-- Test -->
  </suite> <!-- Suite -->
</testng-results>
