<?xml version="1.0" encoding="UTF-8"?>
<testng-results ignored="0" total="1" passed="1" failed="0" skipped="0">
  <reporter-output>
  </reporter-output>
  <suite started-at="2025-04-04T13:33:11 IST" name="Suite" finished-at="2025-04-04T13:34:33 IST" duration-ms="82633">
    <groups>
    </groups>
    <test started-at="2025-04-04T13:33:11 IST" name="Test" finished-at="2025-04-04T13:34:33 IST" duration-ms="82633">
      <class name="test.testClass">
        <test-method is-config="true" signature="launchDriver()[pri:0, instance:test.testClass@4135c3b]" started-at="2025-04-04T13:33:11 IST" name="launchDriver" finished-at="2025-04-04T13:34:14 IST" duration-ms="63113" status="PASS">
          <reporter-output>
          </reporter-output>
        </test-method> <!-- launchDriver -->
        <test-method signature="Test1()[pri:0, instance:test.testClass@4135c3b]" started-at="2025-04-04T13:34:14 IST" name="Test1" finished-at="2025-04-04T13:34:33 IST" duration-ms="18974" status="PASS">
          <reporter-output>
          </reporter-output>
        </test-method> <!-- Test1 -->
        <test-method is-config="true" signature="quit()[pri:0, instance:test.testClass@4135c3b]" started-at="2025-04-04T13:34:33 IST" name="quit" finished-at="2025-04-04T13:34:33 IST" duration-ms="474" status="PASS">
          <reporter-output>
          </reporter-output>
        </test-method> <!-- quit -->
      </class> <!-- test.testClass -->
    </test> <!-- Test -->
  </suite> <!-- Suite -->
</testng-results>
